<?xml version="1.0" encoding="UTF-8"?>
<coverage generated="1618353406031" clover="3.2.0">
  <project timestamp="1618353406031" name="All files">
    <metrics statements="97" coveredstatements="62" conditionals="29" coveredconditionals="12" methods="23" coveredmethods="14" elements="149" coveredelements="88" complexity="0" loc="97" ncloc="97" packages="2" files="2" classes="2"/>
    <package name="express-crud-writing-json-to-file">
      <metrics statements="60" coveredstatements="45" conditionals="10" coveredconditionals="6" methods="9" coveredmethods="6"/>
      <file name="index.js" path="/home/runner/express-crud-writing-json-to-file/index.js">
        <metrics statements="60" coveredstatements="45" conditionals="10" coveredconditionals="6" methods="9" coveredmethods="6"/>
        <line num="1" count="1" type="stmt"/>
        <line num="2" count="1" type="stmt"/>
        <line num="3" count="1" type="stmt"/>
        <line num="4" count="1" type="stmt"/>
        <line num="5" count="1" type="stmt"/>
        <line num="6" count="1" type="stmt"/>
        <line num="8" count="1" type="stmt"/>
        <line num="11" count="1" type="stmt"/>
        <line num="12" count="1" type="stmt"/>
        <line num="14" count="1" type="stmt"/>
        <line num="16" count="1" type="stmt"/>
        <line num="17" count="1" type="stmt"/>
        <line num="20" count="1" type="stmt"/>
        <line num="21" count="4" type="stmt"/>
        <line num="22" count="4" type="stmt"/>
        <line num="26" count="1" type="stmt"/>
        <line num="27" count="1" type="stmt"/>
        <line num="31" count="1" type="stmt"/>
        <line num="32" count="0" type="stmt"/>
        <line num="36" count="1" type="stmt"/>
        <line num="37" count="0" type="stmt"/>
        <line num="46" count="1" type="stmt"/>
        <line num="53" count="1" type="stmt"/>
        <line num="54" count="1" type="stmt"/>
        <line num="55" count="1" type="stmt"/>
        <line num="56" count="1" type="cond" truecount="1" falsecount="1"/>
        <line num="57" count="1" type="stmt"/>
        <line num="58" count="1" type="stmt"/>
        <line num="59" count="1" type="stmt"/>
        <line num="60" count="1" type="stmt"/>
        <line num="62" count="0" type="cond" truecount="0" falsecount="2"/>
        <line num="63" count="0" type="stmt"/>
        <line num="64" count="0" type="stmt"/>
        <line num="65" count="0" type="stmt"/>
        <line num="66" count="0" type="stmt"/>
        <line num="68" count="0" type="stmt"/>
        <line num="69" count="0" type="stmt"/>
        <line num="70" count="0" type="stmt"/>
        <line num="72" count="0" type="stmt"/>
        <line num="77" count="1" type="stmt"/>
        <line num="78" count="1" type="stmt"/>
        <line num="79" count="1" type="stmt"/>
        <line num="80" count="1" type="cond" truecount="1" falsecount="1"/>
        <line num="81" count="0" type="stmt"/>
        <line num="82" count="0" type="stmt"/>
        <line num="84" count="1" type="stmt"/>
        <line num="93" count="1" type="stmt"/>
        <line num="94" count="0" type="stmt"/>
        <line num="95" count="0" type="stmt"/>
        <line num="99" count="1" type="stmt"/>
        <line num="100" count="1" type="stmt"/>
        <line num="101" count="1" type="stmt"/>
        <line num="102" count="1" type="stmt"/>
        <line num="106" count="1" type="stmt"/>
        <line num="108" count="3" type="cond" truecount="2" falsecount="0"/>
        <line num="110" count="3" type="cond" truecount="2" falsecount="0"/>
        <line num="111" count="1" type="stmt"/>
        <line num="114" count="2" type="stmt"/>
        <line num="115" count="2" type="stmt"/>
        <line num="118" count="1" type="stmt"/>
      </file>
    </package>
    <package name="express-crud-writing-json-to-file.src">
      <metrics statements="37" coveredstatements="17" conditionals="19" coveredconditionals="6" methods="14" coveredmethods="8"/>
      <file name="Users.js" path="/home/runner/express-crud-writing-json-to-file/src/Users.js">
        <metrics statements="37" coveredstatements="17" conditionals="19" coveredconditionals="6" methods="14" coveredmethods="8"/>
        <line num="1" count="2" type="stmt"/>
        <line num="2" count="2" type="stmt"/>
        <line num="6" count="2" type="stmt"/>
        <line num="7" count="2" type="stmt"/>
        <line num="8" count="2" type="cond" truecount="1" falsecount="1"/>
        <line num="11" count="0" type="cond" truecount="0" falsecount="2"/>
        <line num="12" count="0" type="stmt"/>
        <line num="14" count="0" type="stmt"/>
        <line num="15" count="0" type="stmt"/>
        <line num="19" count="10" type="stmt"/>
        <line num="20" count="10" type="stmt"/>
        <line num="21" count="9" type="stmt"/>
        <line num="22" count="90" type="stmt"/>
        <line num="24" count="1" type="cond" truecount="1" falsecount="1"/>
        <line num="25" count="0" type="stmt"/>
        <line num="29" count="0" type="stmt"/>
        <line num="30" count="0" type="stmt"/>
        <line num="32" count="0" type="cond" truecount="0" falsecount="2"/>
        <line num="33" count="0" type="stmt"/>
        <line num="37" count="0" type="cond" truecount="0" falsecount="2"/>
        <line num="38" count="0" type="stmt"/>
        <line num="40" count="0" type="stmt"/>
        <line num="41" count="0" type="stmt"/>
        <line num="49" count="0" type="stmt"/>
        <line num="50" count="0" type="stmt"/>
        <line num="53" count="0" type="stmt"/>
        <line num="54" count="0" type="cond" truecount="0" falsecount="2"/>
        <line num="55" count="0" type="stmt"/>
        <line num="57" count="0" type="stmt"/>
        <line num="58" count="0" type="stmt"/>
        <line num="61" count="3" type="stmt"/>
        <line num="62" count="33" type="cond" truecount="2" falsecount="0"/>
        <line num="63" count="33" type="stmt"/>
        <line num="67" count="3" type="stmt"/>
        <line num="70" count="2" type="stmt"/>
        <line num="71" count="1" type="cond" truecount="2" falsecount="1"/>
        <line num="75" count="2" type="stmt"/>
      </file>
    </package>
  </project>
</coverage>
