{"/home/runner/express-crud-writing-json-to-file/index.js": {"path":"/home/runner/express-crud-writing-json-to-file/index.js","statementMap":{"0":{"start":{"line":1,"column":16},"end":{"line":1,"column":34}},"1":{"start":{"line":2,"column":12},"end":{"line":2,"column":21}},"2":{"start":{"line":3,"column":19},"end":{"line":3,"column":40}},"3":{"start":{"line":4,"column":11},"end":{"line":4,"column":24}},"4":{"start":{"line":5,"column":42},"end":{"line":5,"column":70}},"5":{"start":{"line":6,"column":0},"end":{"line":6,"column":27}},"6":{"start":{"line":8,"column":0},"end":{"line":8,"column":48}},"7":{"start":{"line":11,"column":0},"end":{"line":11,"column":30}},"8":{"start":{"line":12,"column":0},"end":{"line":12,"column":47}},"9":{"start":{"line":14,"column":25},"end":{"line":14,"column":55}},"10":{"start":{"line":16,"column":14},"end":{"line":16,"column":39}},"11":{"start":{"line":17,"column":14},"end":{"line":17,"column":25}},"12":{"start":{"line":20,"column":0},"end":{"line":23,"column":3}},"13":{"start":{"line":21,"column":2},"end":{"line":21,"column":35}},"14":{"start":{"line":22,"column":2},"end":{"line":22,"column":9}},"15":{"start":{"line":26,"column":0},"end":{"line":28,"column":3}},"16":{"start":{"line":27,"column":2},"end":{"line":27,"column":52}},"17":{"start":{"line":31,"column":0},"end":{"line":33,"column":3}},"18":{"start":{"line":32,"column":2},"end":{"line":32,"column":72}},"19":{"start":{"line":36,"column":0},"end":{"line":43,"column":3}},"20":{"start":{"line":37,"column":2},"end":{"line":42,"column":5}},"21":{"start":{"line":46,"column":19},"end":{"line":50,"column":1}},"22":{"start":{"line":53,"column":0},"end":{"line":74,"column":3}},"23":{"start":{"line":54,"column":2},"end":{"line":73,"column":3}},"24":{"start":{"line":55,"column":19},"end":{"line":55,"column":40}},"25":{"start":{"line":56,"column":4},"end":{"line":61,"column":5}},"26":{"start":{"line":57,"column":20},"end":{"line":57,"column":143}},"27":{"start":{"line":58,"column":6},"end":{"line":58,"column":29}},"28":{"start":{"line":59,"column":6},"end":{"line":59,"column":18}},"29":{"start":{"line":60,"column":6},"end":{"line":60,"column":13}},"30":{"start":{"line":62,"column":4},"end":{"line":67,"column":5}},"31":{"start":{"line":63,"column":20},"end":{"line":63,"column":127}},"32":{"start":{"line":64,"column":6},"end":{"line":64,"column":29}},"33":{"start":{"line":65,"column":6},"end":{"line":65,"column":18}},"34":{"start":{"line":66,"column":6},"end":{"line":66,"column":13}},"35":{"start":{"line":68,"column":4},"end":{"line":68,"column":30}},"36":{"start":{"line":69,"column":17},"end":{"line":69,"column":41}},"37":{"start":{"line":70,"column":4},"end":{"line":70,"column":95}},"38":{"start":{"line":72,"column":4},"end":{"line":72,"column":16}},"39":{"start":{"line":77,"column":0},"end":{"line":86,"column":3}},"40":{"start":{"line":78,"column":2},"end":{"line":85,"column":3}},"41":{"start":{"line":79,"column":25},"end":{"line":79,"column":34}},"42":{"start":{"line":80,"column":24},"end":{"line":80,"column":60}},"43":{"start":{"line":81,"column":4},"end":{"line":81,"column":35}},"44":{"start":{"line":82,"column":4},"end":{"line":82,"column":111}},"45":{"start":{"line":84,"column":4},"end":{"line":84,"column":14}},"46":{"start":{"line":93,"column":0},"end":{"line":96,"column":3}},"47":{"start":{"line":94,"column":2},"end":{"line":94,"column":18}},"48":{"start":{"line":95,"column":2},"end":{"line":95,"column":32}},"49":{"start":{"line":99,"column":0},"end":{"line":103,"column":3}},"50":{"start":{"line":100,"column":16},"end":{"line":100,"column":73}},"51":{"start":{"line":101,"column":2},"end":{"line":101,"column":25}},"52":{"start":{"line":102,"column":2},"end":{"line":102,"column":14}},"53":{"start":{"line":106,"column":0},"end":{"line":116,"column":3}},"54":{"start":{"line":108,"column":2},"end":{"line":108,"column":48}},"55":{"start":{"line":108,"column":25},"end":{"line":108,"column":48}},"56":{"start":{"line":110,"column":2},"end":{"line":112,"column":3}},"57":{"start":{"line":111,"column":4},"end":{"line":111,"column":50}},"58":{"start":{"line":114,"column":2},"end":{"line":114,"column":31}},"59":{"start":{"line":115,"column":2},"end":{"line":115,"column":56}},"60":{"start":{"line":118,"column":0},"end":{"line":118,"column":21}}},"fnMap":{"0":{"name":"(anonymous_0)","decl":{"start":{"line":20,"column":8},"end":{"line":20,"column":9}},"loc":{"start":{"line":20,"column":29},"end":{"line":23,"column":1}},"line":20},"1":{"name":"(anonymous_1)","decl":{"start":{"line":26,"column":13},"end":{"line":26,"column":14}},"loc":{"start":{"line":26,"column":27},"end":{"line":28,"column":1}},"line":26},"2":{"name":"(anonymous_2)","decl":{"start":{"line":31,"column":20},"end":{"line":31,"column":21}},"loc":{"start":{"line":31,"column":34},"end":{"line":33,"column":1}},"line":31},"3":{"name":"(anonymous_3)","decl":{"start":{"line":36,"column":27},"end":{"line":36,"column":28}},"loc":{"start":{"line":36,"column":41},"end":{"line":43,"column":1}},"line":36},"4":{"name":"(anonymous_4)","decl":{"start":{"line":53,"column":38},"end":{"line":53,"column":39}},"loc":{"start":{"line":53,"column":64},"end":{"line":74,"column":1}},"line":53},"5":{"name":"(anonymous_5)","decl":{"start":{"line":77,"column":19},"end":{"line":77,"column":20}},"loc":{"start":{"line":77,"column":45},"end":{"line":86,"column":1}},"line":77},"6":{"name":"(anonymous_6)","decl":{"start":{"line":93,"column":22},"end":{"line":93,"column":23}},"loc":{"start":{"line":93,"column":36},"end":{"line":96,"column":1}},"line":93},"7":{"name":"(anonymous_7)","decl":{"start":{"line":99,"column":13},"end":{"line":99,"column":14}},"loc":{"start":{"line":99,"column":33},"end":{"line":103,"column":1}},"line":99},"8":{"name":"(anonymous_8)","decl":{"start":{"line":106,"column":8},"end":{"line":106,"column":9}},"loc":{"start":{"line":106,"column":35},"end":{"line":116,"column":1}},"line":106}},"branchMap":{"0":{"loc":{"start":{"line":56,"column":4},"end":{"line":61,"column":5}},"type":"if","locations":[{"start":{"line":56,"column":4},"end":{"line":61,"column":5}},{"start":{"line":56,"column":4},"end":{"line":61,"column":5}}],"line":56},"1":{"loc":{"start":{"line":62,"column":4},"end":{"line":67,"column":5}},"type":"if","locations":[{"start":{"line":62,"column":4},"end":{"line":67,"column":5}},{"start":{"line":62,"column":4},"end":{"line":67,"column":5}}],"line":62},"2":{"loc":{"start":{"line":80,"column":24},"end":{"line":80,"column":60}},"type":"binary-expr","locations":[{"start":{"line":80,"column":24},"end":{"line":80,"column":54}},{"start":{"line":80,"column":58},"end":{"line":80,"column":60}}],"line":80},"3":{"loc":{"start":{"line":108,"column":2},"end":{"line":108,"column":48}},"type":"if","locations":[{"start":{"line":108,"column":2},"end":{"line":108,"column":48}},{"start":{"line":108,"column":2},"end":{"line":108,"column":48}}],"line":108},"4":{"loc":{"start":{"line":110,"column":2},"end":{"line":112,"column":3}},"type":"if","locations":[{"start":{"line":110,"column":2},"end":{"line":112,"column":3}},{"start":{"line":110,"column":2},"end":{"line":112,"column":3}}],"line":110}},"s":{"0":1,"1":1,"2":1,"3":1,"4":1,"5":1,"6":1,"7":1,"8":1,"9":1,"10":1,"11":1,"12":1,"13":4,"14":4,"15":1,"16":1,"17":1,"18":0,"19":1,"20":0,"21":1,"22":1,"23":1,"24":1,"25":1,"26":1,"27":1,"28":1,"29":1,"30":0,"31":0,"32":0,"33":0,"34":0,"35":0,"36":0,"37":0,"38":0,"39":1,"40":1,"41":1,"42":1,"43":0,"44":0,"45":1,"46":1,"47":0,"48":0,"49":1,"50":1,"51":1,"52":1,"53":1,"54":3,"55":1,"56":3,"57":1,"58":2,"59":2,"60":1},"f":{"0":4,"1":1,"2":0,"3":0,"4":1,"5":1,"6":0,"7":1,"8":3},"b":{"0":[1,0],"1":[0,0],"2":[1,0],"3":[1,2],"4":[1,2]},"_coverageSchema":"1a1c01bbd47fc00a2c39e90264f33305004495a9","hash":"692af93aba1bf4db36fcc02b9ee6fe5a253a658e"}
,"/home/runner/express-crud-writing-json-to-file/src/Users.js": {"path":"/home/runner/express-crud-writing-json-to-file/src/Users.js","statementMap":{"0":{"start":{"line":1,"column":11},"end":{"line":1,"column":24}},"1":{"start":{"line":2,"column":0},"end":{"line":2,"column":27}},"2":{"start":{"line":6,"column":4},"end":{"line":6,"column":53}},"3":{"start":{"line":7,"column":4},"end":{"line":7,"column":51}},"4":{"start":{"line":8,"column":4},"end":{"line":8,"column":35}},"5":{"start":{"line":8,"column":23},"end":{"line":8,"column":35}},"6":{"start":{"line":11,"column":4},"end":{"line":16,"column":5}},"7":{"start":{"line":12,"column":6},"end":{"line":12,"column":38}},"8":{"start":{"line":14,"column":6},"end":{"line":14,"column":24}},"9":{"start":{"line":15,"column":6},"end":{"line":15,"column":23}},"10":{"start":{"line":19,"column":4},"end":{"line":26,"column":5}},"11":{"start":{"line":20,"column":27},"end":{"line":20,"column":57}},"12":{"start":{"line":21,"column":19},"end":{"line":21,"column":43}},"13":{"start":{"line":22,"column":6},"end":{"line":22,"column":72}},"14":{"start":{"line":22,"column":33},"end":{"line":22,"column":70}},"15":{"start":{"line":24,"column":6},"end":{"line":24,"column":36}},"16":{"start":{"line":24,"column":24},"end":{"line":24,"column":36}},"17":{"start":{"line":25,"column":6},"end":{"line":25,"column":27}},"18":{"start":{"line":29,"column":4},"end":{"line":34,"column":5}},"19":{"start":{"line":30,"column":6},"end":{"line":30,"column":60}},"20":{"start":{"line":32,"column":6},"end":{"line":32,"column":36}},"21":{"start":{"line":32,"column":24},"end":{"line":32,"column":36}},"22":{"start":{"line":33,"column":6},"end":{"line":33,"column":27}},"23":{"start":{"line":37,"column":4},"end":{"line":39,"column":5}},"24":{"start":{"line":38,"column":6},"end":{"line":38,"column":44}},"25":{"start":{"line":40,"column":48},"end":{"line":40,"column":56}},"26":{"start":{"line":41,"column":17},"end":{"line":48,"column":5}},"27":{"start":{"line":49,"column":24},"end":{"line":49,"column":50}},"28":{"start":{"line":50,"column":4},"end":{"line":50,"column":31}},"29":{"start":{"line":53,"column":23},"end":{"line":53,"column":66}},"30":{"start":{"line":53,"column":51},"end":{"line":53,"column":65}},"31":{"start":{"line":54,"column":4},"end":{"line":56,"column":5}},"32":{"start":{"line":55,"column":6},"end":{"line":55,"column":63}},"33":{"start":{"line":57,"column":25},"end":{"line":57,"column":70}},"34":{"start":{"line":57,"column":55},"end":{"line":57,"column":69}},"35":{"start":{"line":58,"column":4},"end":{"line":58,"column":32}},"36":{"start":{"line":61,"column":4},"end":{"line":64,"column":10}},"37":{"start":{"line":62,"column":6},"end":{"line":62,"column":47}},"38":{"start":{"line":62,"column":33},"end":{"line":62,"column":47}},"39":{"start":{"line":63,"column":6},"end":{"line":63,"column":17}},"40":{"start":{"line":67,"column":4},"end":{"line":67,"column":71}},"41":{"start":{"line":67,"column":39},"end":{"line":67,"column":69}},"42":{"start":{"line":70,"column":18},"end":{"line":70,"column":38}},"43":{"start":{"line":71,"column":4},"end":{"line":71,"column":43}},"44":{"start":{"line":75,"column":0},"end":{"line":75,"column":23}}},"fnMap":{"0":{"name":"(anonymous_0)","decl":{"start":{"line":5,"column":2},"end":{"line":5,"column":3}},"loc":{"start":{"line":5,"column":16},"end":{"line":9,"column":3}},"line":5},"1":{"name":"(anonymous_1)","decl":{"start":{"line":10,"column":2},"end":{"line":10,"column":3}},"loc":{"start":{"line":10,"column":9},"end":{"line":17,"column":3}},"line":10},"2":{"name":"(anonymous_2)","decl":{"start":{"line":18,"column":2},"end":{"line":18,"column":3}},"loc":{"start":{"line":18,"column":12},"end":{"line":27,"column":3}},"line":18},"3":{"name":"(anonymous_3)","decl":{"start":{"line":22,"column":23},"end":{"line":22,"column":24}},"loc":{"start":{"line":22,"column":33},"end":{"line":22,"column":70}},"line":22},"4":{"name":"(anonymous_4)","decl":{"start":{"line":28,"column":2},"end":{"line":28,"column":3}},"loc":{"start":{"line":28,"column":17},"end":{"line":35,"column":3}},"line":28},"5":{"name":"(anonymous_5)","decl":{"start":{"line":36,"column":2},"end":{"line":36,"column":3}},"loc":{"start":{"line":36,"column":16},"end":{"line":51,"column":3}},"line":36},"6":{"name":"(anonymous_6)","decl":{"start":{"line":52,"column":2},"end":{"line":52,"column":3}},"loc":{"start":{"line":52,"column":13},"end":{"line":59,"column":3}},"line":52},"7":{"name":"(anonymous_7)","decl":{"start":{"line":53,"column":43},"end":{"line":53,"column":44}},"loc":{"start":{"line":53,"column":51},"end":{"line":53,"column":65}},"line":53},"8":{"name":"(anonymous_8)","decl":{"start":{"line":57,"column":47},"end":{"line":57,"column":48}},"loc":{"start":{"line":57,"column":55},"end":{"line":57,"column":69}},"line":57},"9":{"name":"(anonymous_9)","decl":{"start":{"line":60,"column":2},"end":{"line":60,"column":3}},"loc":{"start":{"line":60,"column":14},"end":{"line":65,"column":3}},"line":60},"10":{"name":"(anonymous_10)","decl":{"start":{"line":61,"column":33},"end":{"line":61,"column":34}},"loc":{"start":{"line":61,"column":48},"end":{"line":64,"column":5}},"line":61},"11":{"name":"(anonymous_11)","decl":{"start":{"line":66,"column":2},"end":{"line":66,"column":3}},"loc":{"start":{"line":66,"column":18},"end":{"line":68,"column":3}},"line":66},"12":{"name":"(anonymous_12)","decl":{"start":{"line":67,"column":31},"end":{"line":67,"column":32}},"loc":{"start":{"line":67,"column":39},"end":{"line":67,"column":69}},"line":67},"13":{"name":"(anonymous_13)","decl":{"start":{"line":69,"column":2},"end":{"line":69,"column":3}},"loc":{"start":{"line":69,"column":25},"end":{"line":72,"column":3}},"line":69}},"branchMap":{"0":{"loc":{"start":{"line":8,"column":4},"end":{"line":8,"column":35}},"type":"if","locations":[{"start":{"line":8,"column":4},"end":{"line":8,"column":35}},{"start":{"line":8,"column":4},"end":{"line":8,"column":35}}],"line":8},"1":{"loc":{"start":{"line":11,"column":4},"end":{"line":16,"column":5}},"type":"if","locations":[{"start":{"line":11,"column":4},"end":{"line":16,"column":5}},{"start":{"line":11,"column":4},"end":{"line":16,"column":5}}],"line":11},"2":{"loc":{"start":{"line":24,"column":6},"end":{"line":24,"column":36}},"type":"if","locations":[{"start":{"line":24,"column":6},"end":{"line":24,"column":36}},{"start":{"line":24,"column":6},"end":{"line":24,"column":36}}],"line":24},"3":{"loc":{"start":{"line":32,"column":6},"end":{"line":32,"column":36}},"type":"if","locations":[{"start":{"line":32,"column":6},"end":{"line":32,"column":36}},{"start":{"line":32,"column":6},"end":{"line":32,"column":36}}],"line":32},"4":{"loc":{"start":{"line":37,"column":4},"end":{"line":39,"column":5}},"type":"if","locations":[{"start":{"line":37,"column":4},"end":{"line":39,"column":5}},{"start":{"line":37,"column":4},"end":{"line":39,"column":5}}],"line":37},"5":{"loc":{"start":{"line":46,"column":17},"end":{"line":46,"column":40}},"type":"cond-expr","locations":[{"start":{"line":46,"column":29},"end":{"line":46,"column":35}},{"start":{"line":46,"column":38},"end":{"line":46,"column":40}}],"line":46},"6":{"loc":{"start":{"line":54,"column":4},"end":{"line":56,"column":5}},"type":"if","locations":[{"start":{"line":54,"column":4},"end":{"line":56,"column":5}},{"start":{"line":54,"column":4},"end":{"line":56,"column":5}}],"line":54},"7":{"loc":{"start":{"line":62,"column":6},"end":{"line":62,"column":47}},"type":"if","locations":[{"start":{"line":62,"column":6},"end":{"line":62,"column":47}},{"start":{"line":62,"column":6},"end":{"line":62,"column":47}}],"line":62},"8":{"loc":{"start":{"line":71,"column":11},"end":{"line":71,"column":42}},"type":"binary-expr","locations":[{"start":{"line":71,"column":12},"end":{"line":71,"column":17}},{"start":{"line":71,"column":21},"end":{"line":71,"column":32}},{"start":{"line":71,"column":37},"end":{"line":71,"column":42}}],"line":71}},"s":{"0":2,"1":2,"2":2,"3":2,"4":2,"5":0,"6":0,"7":0,"8":0,"9":0,"10":10,"11":10,"12":9,"13":9,"14":90,"15":1,"16":1,"17":0,"18":0,"19":0,"20":0,"21":0,"22":0,"23":0,"24":0,"25":0,"26":0,"27":0,"28":0,"29":0,"30":0,"31":0,"32":0,"33":0,"34":0,"35":0,"36":3,"37":33,"38":3,"39":33,"40":3,"41":2,"42":2,"43":1,"44":2},"f":{"0":2,"1":0,"2":10,"3":90,"4":0,"5":0,"6":0,"7":0,"8":0,"9":3,"10":33,"11":3,"12":2,"13":2},"b":{"0":[0,2],"1":[0,0],"2":[1,0],"3":[0,0],"4":[0,0],"5":[0,0],"6":[0,0],"7":[3,30],"8":[1,1,0]},"_coverageSchema":"1a1c01bbd47fc00a2c39e90264f33305004495a9","hash":"48de95fb0a7286214b14b739f19ea1ab5b44f2e6"}
}
