TN:
SF:index.js
FN:19,(anonymous_0)
FN:25,(anonymous_1)
FN:30,(anonymous_2)
FN:35,(anonymous_3)
FN:52,(anonymous_4)
FN:78,(anonymous_5)
FN:95,(anonymous_6)
FN:101,(anonymous_7)
FN:108,(anonymous_8)
FNF:9
FNH:6
FNDA:4,(anonymous_0)
FNDA:1,(anonymous_1)
FNDA:0,(anonymous_2)
FNDA:0,(anonymous_3)
FNDA:1,(anonymous_4)
FNDA:1,(anonymous_5)
FNDA:0,(anonymous_6)
FNDA:1,(anonymous_7)
FNDA:3,(anonymous_8)
DA:1,1
DA:2,1
DA:3,1
DA:4,1
DA:5,1
DA:6,1
DA:8,1
DA:10,1
DA:11,1
DA:13,1
DA:15,1
DA:16,1
DA:19,1
DA:20,4
DA:21,4
DA:25,1
DA:26,1
DA:30,1
DA:31,0
DA:35,1
DA:36,0
DA:45,1
DA:52,1
DA:53,1
DA:55,1
DA:56,1
DA:57,1
DA:58,1
DA:59,1
DA:60,1
DA:62,0
DA:63,0
DA:64,0
DA:65,0
DA:66,0
DA:68,0
DA:69,0
DA:70,0
DA:71,0
DA:73,0
DA:78,1
DA:79,1
DA:80,1
DA:81,1
DA:82,1
DA:83,0
DA:84,0
DA:86,1
DA:95,1
DA:96,0
DA:97,0
DA:101,1
DA:102,1
DA:103,1
DA:104,1
DA:108,1
DA:110,3
DA:112,3
DA:113,1
DA:116,2
DA:117,2
DA:120,1
LF:62
LH:46
BRDA:56,0,0,1
BRDA:56,0,1,0
BRDA:62,1,0,0
BRDA:62,1,1,0
BRDA:81,2,0,1
BRDA:81,2,1,1
BRDA:110,3,0,1
BRDA:110,3,1,2
BRDA:112,4,0,1
BRDA:112,4,1,2
BRF:10
BRH:7
end_of_record
TN:
SF:src/Users.js
FN:5,(anonymous_0)
FN:10,(anonymous_1)
FN:18,(anonymous_2)
FN:22,(anonymous_3)
FN:28,(anonymous_4)
FN:36,(anonymous_5)
FN:52,(anonymous_6)
FN:53,(anonymous_7)
FN:57,(anonymous_8)
FN:60,(anonymous_9)
FN:61,(anonymous_10)
FN:66,(anonymous_11)
FN:67,(anonymous_12)
FN:69,(anonymous_13)
FNF:14
FNH:9
FNDA:2,(anonymous_0)
FNDA:0,(anonymous_1)
FNDA:11,(anonymous_2)
FNDA:90,(anonymous_3)
FNDA:0,(anonymous_4)
FNDA:0,(anonymous_5)
FNDA:1,(anonymous_6)
FNDA:0,(anonymous_7)
FNDA:0,(anonymous_8)
FNDA:3,(anonymous_9)
FNDA:33,(anonymous_10)
FNDA:3,(anonymous_11)
FNDA:2,(anonymous_12)
FNDA:2,(anonymous_13)
DA:1,2
DA:2,2
DA:6,2
DA:7,2
DA:8,2
DA:11,0
DA:12,0
DA:14,0
DA:15,0
DA:19,11
DA:20,11
DA:21,11
DA:22,90
DA:24,0
DA:25,0
DA:29,0
DA:30,0
DA:32,0
DA:33,0
DA:37,0
DA:38,0
DA:40,0
DA:41,0
DA:49,0
DA:50,0
DA:53,1
DA:54,1
DA:55,1
DA:57,0
DA:58,0
DA:61,3
DA:62,33
DA:63,33
DA:67,3
DA:70,2
DA:71,2
DA:75,2
LF:37
LH:19
BRDA:8,0,0,0
BRDA:8,0,1,2
BRDA:11,1,0,0
BRDA:11,1,1,0
BRDA:24,2,0,0
BRDA:24,2,1,0
BRDA:32,3,0,0
BRDA:32,3,1,0
BRDA:37,4,0,0
BRDA:37,4,1,0
BRDA:46,5,0,0
BRDA:46,5,1,0
BRDA:54,6,0,1
BRDA:54,6,1,0
BRDA:62,7,0,3
BRDA:62,7,1,30
BRDA:71,8,0,2
BRDA:71,8,1,1
BRDA:71,8,2,1
BRF:19
BRH:7
end_of_record
