TN:
SF:index.js
FN:20,(anonymous_0)
FN:26,(anonymous_1)
FN:31,(anonymous_2)
FN:36,(anonymous_3)
FN:53,(anonymous_4)
FN:77,(anonymous_5)
FN:93,(anonymous_6)
FN:99,(anonymous_7)
FN:106,(anonymous_8)
FNF:9
FNH:6
FNDA:4,(anonymous_0)
FNDA:1,(anonymous_1)
FNDA:0,(anonymous_2)
FNDA:0,(anonymous_3)
FNDA:1,(anonymous_4)
FNDA:1,(anonymous_5)
FNDA:0,(anonymous_6)
FNDA:1,(anonymous_7)
FNDA:3,(anonymous_8)
DA:1,1
DA:2,1
DA:3,1
DA:4,1
DA:5,1
DA:6,1
DA:8,1
DA:11,1
DA:12,1
DA:14,1
DA:16,1
DA:17,1
DA:20,1
DA:21,4
DA:22,4
DA:26,1
DA:27,1
DA:31,1
DA:32,0
DA:36,1
DA:37,0
DA:46,1
DA:53,1
DA:54,1
DA:55,1
DA:56,1
DA:57,1
DA:58,1
DA:59,1
DA:60,1
DA:62,0
DA:63,0
DA:64,0
DA:65,0
DA:66,0
DA:68,0
DA:69,0
DA:70,0
DA:72,0
DA:77,1
DA:78,1
DA:79,1
DA:80,1
DA:81,0
DA:82,0
DA:84,1
DA:93,1
DA:94,0
DA:95,0
DA:99,1
DA:100,1
DA:101,1
DA:102,1
DA:106,1
DA:108,3
DA:110,3
DA:111,1
DA:114,2
DA:115,2
DA:118,1
LF:60
LH:45
BRDA:56,0,0,1
BRDA:56,0,1,0
BRDA:62,1,0,0
BRDA:62,1,1,0
BRDA:80,2,0,1
BRDA:80,2,1,0
BRDA:108,3,0,1
BRDA:108,3,1,2
BRDA:110,4,0,1
BRDA:110,4,1,2
BRF:10
BRH:6
end_of_record
TN:
SF:src/Users.js
FN:5,(anonymous_0)
FN:10,(anonymous_1)
FN:18,(anonymous_2)
FN:22,(anonymous_3)
FN:28,(anonymous_4)
FN:36,(anonymous_5)
FN:52,(anonymous_6)
FN:53,(anonymous_7)
FN:57,(anonymous_8)
FN:60,(anonymous_9)
FN:61,(anonymous_10)
FN:66,(anonymous_11)
FN:67,(anonymous_12)
FN:69,(anonymous_13)
FNF:14
FNH:8
FNDA:2,(anonymous_0)
FNDA:0,(anonymous_1)
FNDA:10,(anonymous_2)
FNDA:90,(anonymous_3)
FNDA:0,(anonymous_4)
FNDA:0,(anonymous_5)
FNDA:0,(anonymous_6)
FNDA:0,(anonymous_7)
FNDA:0,(anonymous_8)
FNDA:3,(anonymous_9)
FNDA:33,(anonymous_10)
FNDA:3,(anonymous_11)
FNDA:2,(anonymous_12)
FNDA:2,(anonymous_13)
DA:1,2
DA:2,2
DA:6,2
DA:7,2
DA:8,2
DA:11,0
DA:12,0
DA:14,0
DA:15,0
DA:19,10
DA:20,10
DA:21,9
DA:22,90
DA:24,1
DA:25,0
DA:29,0
DA:30,0
DA:32,0
DA:33,0
DA:37,0
DA:38,0
DA:40,0
DA:41,0
DA:49,0
DA:50,0
DA:53,0
DA:54,0
DA:55,0
DA:57,0
DA:58,0
DA:61,3
DA:62,33
DA:63,33
DA:67,3
DA:70,2
DA:71,1
DA:75,2
LF:37
LH:17
BRDA:8,0,0,0
BRDA:8,0,1,2
BRDA:11,1,0,0
BRDA:11,1,1,0
BRDA:24,2,0,1
BRDA:24,2,1,0
BRDA:32,3,0,0
BRDA:32,3,1,0
BRDA:37,4,0,0
BRDA:37,4,1,0
BRDA:46,5,0,0
BRDA:46,5,1,0
BRDA:54,6,0,0
BRDA:54,6,1,0
BRDA:62,7,0,3
BRDA:62,7,1,30
BRDA:71,8,0,1
BRDA:71,8,1,1
BRDA:71,8,2,0
BRF:19
BRH:6
end_of_record
